#
# There is insufficient memory for the Java Runtime Environment to continue.
# Native memory allocation (malloc) failed to allocate 799936 bytes for Chunk::new
# Possible reasons:
#   The system is out of physical RAM or swap space
#   In 32 bit mode, the process size limit was hit
# Possible solutions:
#   Reduce memory load on the system
#   Increase physical memory or swap space
#   Check if swap backing store is full
#   Use 64 bit Java on a 64 bit OS
#   Decrease Java heap size (-Xmx/-Xms)
#   Decrease number of Java threads
#   Decrease Java thread stack sizes (-Xss)
#   Set larger code cache with -XX:ReservedCodeCacheSize=
# This output file may be truncated or incomplete.
#
#  Out of Memory Error (allocation.cpp:390), pid=40608, tid=0x0000000000006c80
#
# JRE version: Java(TM) SE Runtime Environment (8.0_191-b12) (build 1.8.0_191-b12)
# Java VM: Java HotSpot(TM) 64-Bit Server VM (25.191-b12 mixed mode windows-amd64 compressed oops)
# Failed to write core dump. Minidumps are not enabled by default on client versions of Windows
#

---------------  T H R E A D  ---------------

Current thread (0x0000000017e00800):  JavaThread "C2 CompilerThread1" daemon [_thread_in_native, id=27776, stack(0x0000000018790000,0x0000000018890000)]

Stack: [0x0000000018790000,0x0000000018890000]
[error occurred during error reporting (printing stack bounds), id 0xc0000005]

Native frames: (J=compiled Java code, j=interpreted, Vv=VM code, C=native code)


Current CompileTask:
C2:1211944 1407   !   4       java.awt.EventQueue::getNextEvent (84 bytes)


---------------  P R O C E S S  ---------------

Java Threads: ( => current thread )
  0x0000000003443000 JavaThread "DestroyJavaVM" [_thread_blocked, id=23424, stack(0x0000000002e60000,0x0000000002f60000)]
  0x0000000018e68800 JavaThread "AWT-EventQueue-0" [_thread_blocked, id=8140, stack(0x000000001a350000,0x000000001a450000)]
  0x0000000018e61000 JavaThread "Thread-2" [_thread_blocked, id=36160, stack(0x000000001a250000,0x000000001a350000)]
  0x0000000018e60800 JavaThread "Thread-1" [_thread_blocked, id=8668, stack(0x000000001a150000,0x000000001a250000)]
  0x0000000018dff000 JavaThread "AWT-Windows" daemon [_thread_in_native, id=26824, stack(0x00000000197a0000,0x00000000198a0000)]
  0x0000000018dfa000 JavaThread "AWT-Shutdown" [_thread_blocked, id=17648, stack(0x00000000196a0000,0x00000000197a0000)]
  0x0000000018df3800 JavaThread "Java2D Disposer" daemon [_thread_blocked, id=1600, stack(0x0000000019540000,0x0000000019640000)]
  0x0000000017eb7800 JavaThread "Service Thread" daemon [_thread_blocked, id=50256, stack(0x0000000018a90000,0x0000000018b90000)]
  0x0000000017e05000 JavaThread "C1 CompilerThread3" daemon [_thread_blocked, id=21312, stack(0x0000000018990000,0x0000000018a90000)]
  0x0000000017e04000 JavaThread "C2 CompilerThread2" daemon [_thread_in_native, id=27980, stack(0x0000000018890000,0x0000000018990000)]
=>0x0000000017e00800 JavaThread "C2 CompilerThread1" daemon [_thread_in_native, id=27776, stack(0x0000000018790000,0x0000000018890000)]
  0x0000000017dff800 JavaThread "C2 CompilerThread0" daemon [_thread_blocked, id=7972, stack(0x0000000018690000,0x0000000018790000)]
  0x0000000017dfc800 JavaThread "Monitor Ctrl-Break" daemon [_thread_in_native, id=30496, stack(0x0000000018590000,0x0000000018690000)]
  0x0000000017dbc800 JavaThread "Attach Listener" daemon [_thread_blocked, id=22476, stack(0x0000000018490000,0x0000000018590000)]
  0x0000000017d69800 JavaThread "Signal Dispatcher" daemon [_thread_blocked, id=42052, stack(0x0000000018390000,0x0000000018490000)]
  0x0000000017d51800 JavaThread "Finalizer" daemon [_thread_blocked, id=1348, stack(0x0000000018230000,0x0000000018330000)]
  0x0000000017d50800 JavaThread "Reference Handler" daemon [_thread_blocked, id=13932, stack(0x0000000018130000,0x0000000018230000)]

Other Threads:
  0x0000000015f29800 VMThread [stack: 0x0000000017c30000,0x0000000017d30000] [id=41256]
  0x0000000017ebf800 WatcherThread [stack: 0x0000000018b90000,0x0000000018c90000] [id=31220]

VM state:not at safepoint (normal execution)

VM Mutex/Monitor currently owned by a thread: None

Heap:
 PSYoungGen      total 18432K, used 18114K [0x00000000eb580000, 0x00000000eca00000, 0x0000000100000000)
  eden space 15872K, 98% used [0x00000000eb580000,0x00000000ec4b4010,0x00000000ec500000)
  from space 2560K, 99% used [0x00000000ec500000,0x00000000ec77c910,0x00000000ec780000)
  to   space 2560K, 0% used [0x00000000ec780000,0x00000000ec780000,0x00000000eca00000)
 ParOldGen       total 42496K, used 147K [0x00000000c2000000, 0x00000000c4980000, 0x00000000eb580000)
  object space 42496K, 0% used [0x00000000c2000000,0x00000000c2024c50,0x00000000c4980000)
 Metaspace       used 10564K, capacity 10864K, committed 11008K, reserved 1058816K
  class space    used 1154K, capacity 1226K, committed 1280K, reserved 1048576K

Card table byte_map: [0x0000000012900000,0x0000000012b00000] byte_map_base: 0x00000000122f0000

Marking Bits: (ParMarkBitMap*) 0x000000005c793e30
 Begin Bits: [0x0000000013450000, 0x00000000143d0000)
 End Bits:   [0x00000000143d0000, 0x0000000015350000)

Polling page: 0x00000000014e0000

CodeCache: size=245760Kb used=4874Kb max_used=4874Kb free=240885Kb
 bounds [0x0000000003540000, 0x0000000003a20000, 0x0000000012540000]
 total_blobs=1803 nmethods=1339 adapters=376
 compilation: enabled

Compilation events (10 events):
Event: 1197.187 Thread 0x0000000017e05000 1402       3       java.util.HashMap::isEmpty (13 bytes)
Event: 1197.188 Thread 0x0000000017e05000 nmethod 1402 0x00000000037af410 code [0x00000000037af560, 0x00000000037af710]
Event: 1197.294 Thread 0x0000000017e05000 1403       3       java.util.HashSet::isEmpty (8 bytes)
Event: 1197.296 Thread 0x0000000017e05000 nmethod 1403 0x00000000037aef50 code [0x00000000037af0c0, 0x00000000037af350]
Event: 1200.295 Thread 0x0000000017e05000 1404   !   3       javax.swing.JComponent::getClientProperty (56 bytes)
Event: 1200.297 Thread 0x0000000017e05000 nmethod 1404 0x00000000039e4a90 code [0x00000000039e4c20, 0x00000000039e5048]
Event: 1203.189 Thread 0x0000000017e05000 1405       3       java.awt.EventQueue::getNextEventPrivate (76 bytes)
Event: 1203.191 Thread 0x0000000017e05000 nmethod 1405 0x00000000039e4410 code [0x00000000039e45a0, 0x00000000039e48e8]
Event: 1211.300 Thread 0x0000000017e00800 1407   !   4       java.awt.EventQueue::getNextEvent (84 bytes)
Event: 1211.300 Thread 0x0000000017e04000 1406   !   4       java.awt.EventDispatchThread::pumpOneEventForFilters (190 bytes)

GC Heap History (2 events):
Event: 0.843 GC heap before
{Heap before GC invocations=1 (full 0):
 PSYoungGen      total 18432K, used 15801K [0x00000000eb580000, 0x00000000eca00000, 0x0000000100000000)
  eden space 15872K, 99% used [0x00000000eb580000,0x00000000ec4ee7e8,0x00000000ec500000)
  from space 2560K, 0% used [0x00000000ec780000,0x00000000ec780000,0x00000000eca00000)
  to   space 2560K, 0% used [0x00000000ec500000,0x00000000ec500000,0x00000000ec780000)
 ParOldGen       total 42496K, used 0K [0x00000000c2000000, 0x00000000c4980000, 0x00000000eb580000)
  object space 42496K, 0% used [0x00000000c2000000,0x00000000c2000000,0x00000000c4980000)
 Metaspace       used 9522K, capacity 9796K, committed 9984K, reserved 1058816K
  class space    used 1103K, capacity 1194K, committed 1280K, reserved 1048576K
Event: 0.848 GC heap after
Heap after GC invocations=1 (full 0):
 PSYoungGen      total 18432K, used 2546K [0x00000000eb580000, 0x00000000eca00000, 0x0000000100000000)
  eden space 15872K, 0% used [0x00000000eb580000,0x00000000eb580000,0x00000000ec500000)
  from space 2560K, 99% used [0x00000000ec500000,0x00000000ec77c910,0x00000000ec780000)
  to   space 2560K, 0% used [0x00000000ec780000,0x00000000ec780000,0x00000000eca00000)
 ParOldGen       total 42496K, used 147K [0x00000000c2000000, 0x00000000c4980000, 0x00000000eb580000)
  object space 42496K, 0% used [0x00000000c2000000,0x00000000c2024c50,0x00000000c4980000)
 Metaspace       used 9522K, capacity 9796K, committed 9984K, reserved 1058816K
  class space    used 1103K, capacity 1194K, committed 1280K, reserved 1048576K
}

Deoptimization events (10 events):
Event: 1172.698 Thread 0x0000000018e68800 Uncommon trap: reason=unstable_if action=reinterpret pc=0x000000000374014c method=java.security.AccessController.getContext()Ljava/security/AccessControlContext; @ 5
Event: 1172.699 Thread 0x0000000018e68800 Uncommon trap: reason=unstable_if action=reinterpret pc=0x000000000371db4c method=java.security.AccessController.getContext()Ljava/security/AccessControlContext; @ 5
Event: 1172.713 Thread 0x0000000018e68800 Uncommon trap: reason=unstable_if action=reinterpret pc=0x000000000396757c method=java.awt.EventQueue.getPriority(Ljava/awt/AWTEvent;)I @ 22
Event: 1172.714 Thread 0x0000000018e68800 Uncommon trap: reason=unstable_if action=reinterpret pc=0x000000000395cea4 method=javax.swing.JComponent.getClientProperty(Ljava/lang/Object;)Ljava/lang/Object; @ 28
Event: 1172.731 Thread 0x0000000018e68800 Uncommon trap: reason=unstable_if action=reinterpret pc=0x00000000038990f0 method=sun.awt.AWTAutoShutdown.isReadyToShutdown()Z @ 16
Event: 1172.731 Thread 0x0000000018dff000 Uncommon trap: reason=unstable_if action=reinterpret pc=0x00000000036eb060 method=sun.awt.AWTAutoShutdown.isReadyToShutdown()Z @ 16
Event: 1172.732 Thread 0x0000000018e68800 Uncommon trap: reason=unstable_if action=reinterpret pc=0x0000000003651054 method=java.awt.EventQueue.uncacheEQItem(Lsun/awt/EventQueueItem;)V @ 23
Event: 1172.752 Thread 0x0000000018dff000 Uncommon trap: reason=unstable_if action=reinterpret pc=0x00000000037a8ff8 method=sun.awt.AWTAutoShutdown.isReadyToShutdown()Z @ 16
Event: 1172.752 Thread 0x0000000018dff000 Uncommon trap: reason=unstable_if action=reinterpret pc=0x00000000038d441c method=sun.awt.AWTAutoShutdown.isReadyToShutdown()Z @ 16
Event: 1173.173 Thread 0x0000000018e68800 Uncommon trap: reason=unstable_if action=reinterpret pc=0x00000000036c2158 method=java.awt.Component.isValid()Z @ 4

Classes redefined (0 events):
No events

Internal exceptions (10 events):
Event: 0.223 Thread 0x0000000003443000 Exception <a 'java/security/PrivilegedActionException'> (0x00000000eb7f7e80) thrown at [C:\re\workspace\8-2-build-windows-amd64-cygwin\jdk8u191\11896\hotspot\src\share\vm\prims\jvm.cpp, line 1435]
Event: 0.223 Thread 0x0000000003443000 Exception <a 'java/security/PrivilegedActionException'> (0x00000000eb7f8090) thrown at [C:\re\workspace\8-2-build-windows-amd64-cygwin\jdk8u191\11896\hotspot\src\share\vm\prims\jvm.cpp, line 1435]
Event: 0.232 Thread 0x0000000003443000 Exception <a 'java/io/FileNotFoundException'> (0x00000000eb80bac8) thrown at [C:\re\workspace\8-2-build-windows-amd64-cygwin\jdk8u191\11896\hotspot\src\share\vm\prims\jni.cpp, line 709]
Event: 0.268 Thread 0x0000000003443000 Exception <a 'java/lang/NoSuchFieldError': method resolution failed> (0x00000000eb93c3b0) thrown at [C:\re\workspace\8-2-build-windows-amd64-cygwin\jdk8u191\11896\hotspot\src\share\vm\prims\methodHandles.cpp, line 1167]
Event: 0.270 Thread 0x0000000003443000 Exception <a 'java/lang/NoSuchFieldError': method resolution failed> (0x00000000eb94a240) thrown at [C:\re\workspace\8-2-build-windows-amd64-cygwin\jdk8u191\11896\hotspot\src\share\vm\prims\methodHandles.cpp, line 1167]
Event: 0.322 Thread 0x0000000003443000 Exception <a 'java/io/FileNotFoundException'> (0x00000000ebaa3b48) thrown at [C:\re\workspace\8-2-build-windows-amd64-cygwin\jdk8u191\11896\hotspot\src\share\vm\prims\jni.cpp, line 709]
Event: 0.363 Thread 0x0000000003443000 Implicit null exception at 0x00000000036bebe2 to 0x00000000036bed91
Event: 1172.697 Thread 0x0000000018e68800 Implicit null exception at 0x000000000366d3d4 to 0x000000000366d87d
Event: 1172.698 Thread 0x0000000018e68800 Implicit null exception at 0x000000000373fe25 to 0x0000000003740137
Event: 1172.699 Thread 0x0000000018e68800 Implicit null exception at 0x000000000371d6bd to 0x000000000371db1a

Events (10 events):
Event: 1172.732 Thread 0x0000000018e68800 DEOPT UNPACKING pc=0x000000000358583b sp=0x000000001a44f0b0 mode 2
Event: 1172.752 Thread 0x0000000018dff000 Uncommon trap: trap_request=0xffffff65 fr.pc=0x00000000037a8ff8
Event: 1172.752 Thread 0x0000000018dff000 DEOPT PACKING pc=0x00000000037a8ff8 sp=0x000000001989e7d0
Event: 1172.752 Thread 0x0000000018dff000 DEOPT UNPACKING pc=0x000000000358583b sp=0x000000001989e6d0 mode 2
Event: 1172.752 Thread 0x0000000018dff000 Uncommon trap: trap_request=0xffffff65 fr.pc=0x00000000038d441c
Event: 1172.752 Thread 0x0000000018dff000 DEOPT PACKING pc=0x00000000038d441c sp=0x000000001989e790
Event: 1172.752 Thread 0x0000000018dff000 DEOPT UNPACKING pc=0x000000000358583b sp=0x000000001989e700 mode 2
Event: 1173.173 Thread 0x0000000018e68800 Uncommon trap: trap_request=0xffffff65 fr.pc=0x00000000036c2158
Event: 1173.173 Thread 0x0000000018e68800 DEOPT PACKING pc=0x00000000036c2158 sp=0x000000001a44d6e0
Event: 1173.173 Thread 0x0000000018e68800 DEOPT UNPACKING pc=0x000000000358583b sp=0x000000001a44d578 mode 2


Dynamic libraries:
0x00007ff778720000 - 0x00007ff778757000 	C:\Program Files\Java\jdk1.8.0_191\bin\java.exe
0x00007ffcca5b0000 - 0x00007ffcca791000 	C:\WINDOWS\SYSTEM32\ntdll.dll
0x00007ffcc7a60000 - 0x00007ffcc7b12000 	C:\WINDOWS\System32\KERNEL32.DLL
0x00007ffcc72b0000 - 0x00007ffcc7523000 	C:\WINDOWS\System32\KERNELBASE.dll
0x00007ffcc7db0000 - 0x00007ffcc7e51000 	C:\WINDOWS\System32\ADVAPI32.dll
0x00007ffcc7c40000 - 0x00007ffcc7cde000 	C:\WINDOWS\System32\msvcrt.dll
0x00007ffcc8500000 - 0x00007ffcc855b000 	C:\WINDOWS\System32\sechost.dll
0x00007ffcc9c30000 - 0x00007ffcc9d54000 	C:\WINDOWS\System32\RPCRT4.dll
0x00007ffcc9d60000 - 0x00007ffcc9ef0000 	C:\WINDOWS\System32\USER32.dll
0x00007ffcc7a20000 - 0x00007ffcc7a40000 	C:\WINDOWS\System32\win32u.dll
0x00007ffcca0d0000 - 0x00007ffcca0f8000 	C:\WINDOWS\System32\GDI32.dll
0x00007ffcc7110000 - 0x00007ffcc72a2000 	C:\WINDOWS\System32\gdi32full.dll
0x00007ffcc7770000 - 0x00007ffcc780f000 	C:\WINDOWS\System32\msvcp_win.dll
0x00007ffcc7810000 - 0x00007ffcc7908000 	C:\WINDOWS\System32\ucrtbase.dll
0x00007ffcb7e30000 - 0x00007ffcb8099000 	C:\WINDOWS\WinSxS\amd64_microsoft.windows.common-controls_6595b64144ccf1df_6.0.17134.648_none_fb45a0e93062a6d2\COMCTL32.dll
0x00007ffcca1a0000 - 0x00007ffcca4c2000 	C:\WINDOWS\System32\combase.dll
0x00007ffcc6980000 - 0x00007ffcc69fa000 	C:\WINDOWS\System32\bcryptPrimitives.dll
0x00007ffcc7c10000 - 0x00007ffcc7c3d000 	C:\WINDOWS\System32\IMM32.DLL
0x000000005c820000 - 0x000000005c8f2000 	C:\Program Files\Java\jdk1.8.0_191\jre\bin\msvcr100.dll
0x000000005bf70000 - 0x000000005c814000 	C:\Program Files\Java\jdk1.8.0_191\jre\bin\server\jvm.dll
0x00007ffcc9c20000 - 0x00007ffcc9c28000 	C:\WINDOWS\System32\PSAPI.DLL
0x00007ffcbcda0000 - 0x00007ffcbcdc3000 	C:\WINDOWS\SYSTEM32\WINMM.dll
0x00007ffcb5c10000 - 0x00007ffcb5c19000 	C:\WINDOWS\SYSTEM32\WSOCK32.dll
0x00007ffcc1a10000 - 0x00007ffcc1a1a000 	C:\WINDOWS\SYSTEM32\VERSION.dll
0x00007ffcc9f00000 - 0x00007ffcc9f6c000 	C:\WINDOWS\System32\WS2_32.dll
0x00007ffcbcd70000 - 0x00007ffcbcd9a000 	C:\WINDOWS\SYSTEM32\WINMMBASE.dll
0x00007ffcc7720000 - 0x00007ffcc7769000 	C:\WINDOWS\System32\cfgmgr32.dll
0x000000005bf60000 - 0x000000005bf6f000 	C:\Program Files\Java\jdk1.8.0_191\jre\bin\verify.dll
0x000000005bf30000 - 0x000000005bf59000 	C:\Program Files\Java\jdk1.8.0_191\jre\bin\java.dll
0x000000005bf00000 - 0x000000005bf23000 	C:\Program Files\Java\jdk1.8.0_191\jre\bin\instrument.dll
0x000000005bee0000 - 0x000000005bef6000 	C:\Program Files\Java\jdk1.8.0_191\jre\bin\zip.dll
0x00007ffcc8560000 - 0x00007ffcc99a0000 	C:\WINDOWS\System32\SHELL32.dll
0x00007ffcca4d0000 - 0x00007ffcca579000 	C:\WINDOWS\System32\shcore.dll
0x00007ffcc6a00000 - 0x00007ffcc710d000 	C:\WINDOWS\System32\windows.storage.dll
0x00007ffcc9bc0000 - 0x00007ffcc9c11000 	C:\WINDOWS\System32\shlwapi.dll
0x00007ffcc6900000 - 0x00007ffcc6911000 	C:\WINDOWS\System32\kernel.appcore.dll
0x00007ffcc68c0000 - 0x00007ffcc68df000 	C:\WINDOWS\System32\profapi.dll
0x00007ffcc6920000 - 0x00007ffcc696c000 	C:\WINDOWS\System32\powrprof.dll
0x00007ffcc6970000 - 0x00007ffcc697a000 	C:\WINDOWS\System32\FLTLIB.DLL
0x00007ffcaaf10000 - 0x00007ffcaaf2a000 	C:\Program Files\JetBrains\IntelliJ IDEA 2018.2.5\bin\breakgen64.dll
0x000000005ba70000 - 0x000000005ba8a000 	C:\Program Files\Java\jdk1.8.0_191\jre\bin\net.dll
0x00007ffcc6140000 - 0x00007ffcc61a6000 	C:\WINDOWS\system32\mswsock.dll
0x000000005b8d0000 - 0x000000005ba69000 	C:\Program Files\Java\jdk1.8.0_191\jre\bin\awt.dll
0x00007ffcc7ce0000 - 0x00007ffcc7da3000 	C:\WINDOWS\System32\OLEAUT32.dll
0x00007ffcc4820000 - 0x00007ffcc48ab000 	C:\WINDOWS\SYSTEM32\apphelp.dll
0x00007ffcc4d30000 - 0x00007ffcc4d59000 	C:\WINDOWS\system32\DWMAPI.DLL
0x00007ffcc4a50000 - 0x00007ffcc4ae8000 	C:\WINDOWS\system32\uxtheme.dll
0x00007ffcb5c90000 - 0x00007ffcb5db0000 	C:\WINDOWS\system32\opengl32.dll
0x00007ffcc1000000 - 0x00007ffcc102c000 	C:\WINDOWS\SYSTEM32\GLU32.dll
0x00007ffcc7e60000 - 0x00007ffcc7fd3000 	C:\WINDOWS\System32\MSCTF.dll
0x00007ffcc9f70000 - 0x00007ffcca0c1000 	C:\WINDOWS\System32\ole32.dll
0x000000005b880000 - 0x000000005b8c7000 	C:\Program Files\Java\jdk1.8.0_191\jre\bin\fontmanager.dll
0x000000005b860000 - 0x000000005b871000 	C:\Program Files\Java\jdk1.8.0_191\jre\bin\nio.dll
0x000000005b810000 - 0x000000005b852000 	C:\Program Files\Java\jdk1.8.0_191\jre\bin\t2k.dll
0x00007ffcbeb50000 - 0x00007ffcbebe6000 	C:\WINDOWS\System32\TextInputFramework.dll
0x00007ffcc4300000 - 0x00007ffcc43da000 	C:\WINDOWS\System32\CoreMessaging.dll
0x00007ffcbb550000 - 0x00007ffcbb86e000 	C:\WINDOWS\System32\CoreUIComponents.dll
0x00007ffcc59b0000 - 0x00007ffcc59e1000 	C:\WINDOWS\SYSTEM32\ntmarta.dll
0x00007ffcc29d0000 - 0x00007ffcc2b1d000 	C:\WINDOWS\SYSTEM32\wintypes.dll
0x00007ffcca100000 - 0x00007ffcca1a0000 	C:\WINDOWS\System32\clbcatq.dll
0x00007ffc9dc50000 - 0x00007ffc9de34000 	C:\WINDOWS\system32\sogoutsf.ime
0x00007ffcc49a0000 - 0x00007ffcc49a7000 	C:\WINDOWS\system32\MSIMG32.dll
0x00007ffc98aa0000 - 0x00007ffc99303000 	C:\WINDOWS\system32\SogouPy.ime
0x00007ffcc3e00000 - 0x00007ffcc3e6b000 	C:\WINDOWS\SYSTEM32\OLEACC.dll
0x00007ffcbe1d0000 - 0x00007ffcbe2ad000 	C:\WINDOWS\SYSTEM32\WINHTTP.dll
0x000000001c270000 - 0x000000001c37f000 	C:\Program Files (x86)\SogouInput\9.1.0.2618\Resource.dll
0x00007ffc985e0000 - 0x00007ffc98848000 	C:\Program Files (x86)\SogouInput\Components\PicFace\1.1.0.1835\PicFace64.dll
0x00007ffcc7b20000 - 0x00007ffcc7c0d000 	C:\WINDOWS\System32\COMDLG32.dll
0x00007ffcabb60000 - 0x00007ffcabb78000 	C:\Program Files (x86)\SogouInput\Components\VoiceInput\1.0.0.145\VoiceInput64.dll
0x00007ffcc45e0000 - 0x00007ffcc4794000 	C:\WINDOWS\SYSTEM32\PROPSYS.dll
0x00007ffcb3ae0000 - 0x00007ffcb3b24000 	C:\WINDOWS\SYSTEM32\edputil.dll
0x00007ffcb2650000 - 0x00007ffcb2781000 	C:\Windows\System32\Windows.StateRepositoryPS.dll
0x00007ffcbb190000 - 0x00007ffcbb358000 	C:\WINDOWS\SYSTEM32\urlmon.dll
0x00007ffcba690000 - 0x00007ffcba935000 	C:\WINDOWS\SYSTEM32\iertutil.dll
0x00007ffcc6310000 - 0x00007ffcc631b000 	C:\WINDOWS\SYSTEM32\CRYPTBASE.DLL
0x00007ffcc67f0000 - 0x00007ffcc6820000 	C:\WINDOWS\SYSTEM32\SspiCli.dll
0x00007ffcb1400000 - 0x00007ffcb141d000 	C:\WINDOWS\SYSTEM32\CLDAPI.dll
0x00007ffca7360000 - 0x00007ffca7560000 	C:\Windows\System32\uiautomationcore.dll

VM Arguments:
jvm_args: -javaagent:C:\Program Files\JetBrains\IntelliJ IDEA 2018.2.5\lib\idea_rt.jar=60450:C:\Program Files\JetBrains\IntelliJ IDEA 2018.2.5\bin -Dfile.encoding=UTF-8 
java_command: week1.NumberThread
java_class_path (initial): C:\Program Files\Java\jdk1.8.0_191\jre\lib\charsets.jar;C:\Program Files\Java\jdk1.8.0_191\jre\lib\deploy.jar;C:\Program Files\Java\jdk1.8.0_191\jre\lib\ext\access-bridge-64.jar;C:\Program Files\Java\jdk1.8.0_191\jre\lib\ext\cldrdata.jar;C:\Program Files\Java\jdk1.8.0_191\jre\lib\ext\dnsns.jar;C:\Program Files\Java\jdk1.8.0_191\jre\lib\ext\jaccess.jar;C:\Program Files\Java\jdk1.8.0_191\jre\lib\ext\jfxrt.jar;C:\Program Files\Java\jdk1.8.0_191\jre\lib\ext\localedata.jar;C:\Program Files\Java\jdk1.8.0_191\jre\lib\ext\nashorn.jar;C:\Program Files\Java\jdk1.8.0_191\jre\lib\ext\sunec.jar;C:\Program Files\Java\jdk1.8.0_191\jre\lib\ext\sunjce_provider.jar;C:\Program Files\Java\jdk1.8.0_191\jre\lib\ext\sunmscapi.jar;C:\Program Files\Java\jdk1.8.0_191\jre\lib\ext\sunpkcs11.jar;C:\Program Files\Java\jdk1.8.0_191\jre\lib\ext\zipfs.jar;C:\Program Files\Java\jdk1.8.0_191\jre\lib\javaws.jar;C:\Program Files\Java\jdk1.8.0_191\jre\lib\jce.jar;C:\Program Files\Java\jdk1.8.0_191\jre\lib\jfr.jar;C:\Program Files\Java\jdk1.8.0_191\jre\lib\jfxswt.jar;C:\Program Files\Java\jdk1.8.0_191\jre\lib\jsse.jar;C:\Program Files\Java\jdk1.8.0_191\jre\lib\management-agent.jar;C:\Program Files\Java\jdk1.8.0_191\jre\lib\plugin.jar;C:\Program Files\Java\jdk1.8.0_191\jre\lib\resources.jar;C:\Program Files\Java\jdk1.8.0_191\jre\lib\rt.jar;D:\advanced\out\production\thread-study;C:\Program Files\JetBrains\IntelliJ IDEA 2018.2.5\lib\idea_rt.jar
Launcher Type: SUN_STANDARD

Environment Variables:
JAVA_HOME=C:\Program Files\Java\jdk1.8.0_181
PATH=C:\Program Files (x86)\Common Files\Oracle\Java\javapath;C:\Program Files (x86)\Intel\Intel(R) Management Engine Components\iCLS\;C:\Program Files\Intel\Intel(R) Management Engine Components\iCLS\;C:\Windows\system32;C:\Windows;C:\Windows\System32\Wbem;C:\Windows\System32\WindowsPowerShell\v1.0\;C:\Program Files (x86)\Intel\Intel(R) Management Engine Components\DAL;C:\Program Files\Intel\Intel(R) Management Engine Components\DAL;C:\Program Files (x86)\Intel\Intel(R) Management Engine Components\IPT;C:\Program Files\Intel\Intel(R) Management Engine Components\IPT;C:\Program Files (x86)\NVIDIA Corporation\PhysX\Common;C:\WINDOWS\system32;C:\WINDOWS;C:\WINDOWS\System32\Wbem;C:\WINDOWS\System32\WindowsPowerShell\v1.0\;C:\WINDOWS\System32\OpenSSH\;C:\Program Files\Java\jdk1.8.0_181\bin;C:\Program Files\Java\jdk1.8.0_181\bin;C:\Program Files (x86)\Microsoft SQL Server\100\Tools\Binn\;C:\Program Files\Microsoft SQL Server\100\Tools\Binn\;C:\Program Files\Microsoft SQL Server\100\DTS\Binn\;C:\Program Files (x86)\Microsoft SQL Server\100\Tools\Binn\VSShell\Common7\IDE\;C:\Program Files (x86)\Microsoft SQL Server\100\DTS\Binn\;C:\Program Files\Java\jdk1.8.0_181\bin;C:\Program Files\Java\jdk1.8.0_191;C:\Program Files\Java\jdk1.8.0_191\bin;C:\Program Files (x86)\MySQL\MySQL Utilities 1.6\;C:\Program Files\Git\cmd;C:\Users\ª∆æ¥¿Ì\AppData\Local\Microsoft\WindowsApps;C:\Program Files\Bandizip\
USERNAME=ª∆æ¥¿Ì
OS=Windows_NT
PROCESSOR_IDENTIFIER=Intel64 Family 6 Model 142 Stepping 10, GenuineIntel



---------------  S Y S T E M  ---------------

OS: Windows 10.0 , 64 bit Build 17134 (10.0.17134.648)

CPU:total 8 (initial active 8) (4 cores per cpu, 2 threads per core) family 6 model 142 stepping 10, cmov, cx8, fxsr, mmx, sse, sse2, sse3, ssse3, sse4.1, sse4.2, popcnt, avx, avx2, aes, clmul, erms, 3dnowpref, lzcnt, ht, tsc, tscinvbit, bmi1, bmi2, adx

Memory: 4k page, physical 4057484k(390100k free), swap 11659016k(5572k free)

vm_info: Java HotSpot(TM) 64-Bit Server VM (25.191-b12) for windows-amd64 JRE (1.8.0_191-b12), built on Oct  6 2018 09:29:03 by "java_re" with MS VC++ 10.0 (VS2010)

time: Mon Apr 08 20:39:34 2019
elapsed time: 1211 seconds (0d 0h 20m 11s)

