#
# There is insufficient memory for the Java Runtime Environment to continue.
# Native memory allocation (malloc) failed to allocate 32744 bytes for ChunkPool::allocate
# Possible reasons:
#   The system is out of physical RAM or swap space
#   In 32 bit mode, the process size limit was hit
# Possible solutions:
#   Reduce memory load on the system
#   Increase physical memory or swap space
#   Check if swap backing store is full
#   Use 64 bit Java on a 64 bit OS
#   Decrease Java heap size (-Xmx/-Xms)
#   Decrease number of Java threads
#   Decrease Java thread stack sizes (-Xss)
#   Set larger code cache with -XX:ReservedCodeCacheSize=
# This output file may be truncated or incomplete.
#
#  Out of Memory Error (allocation.cpp:273), pid=19332, tid=0x00000000000078d4
#
# JRE version: Java(TM) SE Runtime Environment (8.0_191-b12) (build 1.8.0_191-b12)
# Java VM: Java HotSpot(TM) 64-Bit Server VM (25.191-b12 mixed mode windows-amd64 compressed oops)
# Failed to write core dump. Minidumps are not enabled by default on client versions of Windows
#

---------------  T H R E A D  ---------------

Current thread (0x00000000180a0000):  JavaThread "C2 CompilerThread2" daemon [_thread_in_native, id=30932, stack(0x0000000018b20000,0x0000000018c20000)]

Stack: [0x0000000018b20000,0x0000000018c20000]
[error occurred during error reporting (printing stack bounds), id 0xc0000005]

Native frames: (J=compiled Java code, j=interpreted, Vv=VM code, C=native code)


Current CompileTask:
C2: 476474 1305   !   4       sun.awt.PostEventQueue::flush (168 bytes)


---------------  P R O C E S S  ---------------

Java Threads: ( => current thread )
  0x00000000181a8800 JavaThread "AWT-EventQueue-0" [_thread_blocked, id=31864, stack(0x0000000025630000,0x0000000025730000)]
  0x00000000181c5800 JavaThread "AWT-Shutdown" [_thread_blocked, id=27064, stack(0x0000000025530000,0x0000000025630000)]
  0x0000000003703000 JavaThread "DestroyJavaVM" [_thread_blocked, id=32840, stack(0x0000000003500000,0x0000000003600000)]
  0x0000000019137000 JavaThread "Thread-2" [_thread_blocked, id=41584, stack(0x000000001a500000,0x000000001a600000)]
  0x0000000019136000 JavaThread "Thread-1" [_thread_blocked, id=34468, stack(0x000000001a400000,0x000000001a500000)]
  0x0000000019092800 JavaThread "AWT-Windows" daemon [_thread_in_native, id=43096, stack(0x0000000019a50000,0x0000000019b50000)]
  0x000000001908e000 JavaThread "Java2D Disposer" daemon [_thread_blocked, id=8736, stack(0x00000000197d0000,0x00000000198d0000)]
  0x0000000018148000 JavaThread "Service Thread" daemon [_thread_blocked, id=31752, stack(0x0000000018d20000,0x0000000018e20000)]
  0x0000000018093800 JavaThread "C1 CompilerThread3" daemon [_thread_blocked, id=17656, stack(0x0000000018c20000,0x0000000018d20000)]
=>0x00000000180a0000 JavaThread "C2 CompilerThread2" daemon [_thread_in_native, id=30932, stack(0x0000000018b20000,0x0000000018c20000)]
  0x0000000018091800 JavaThread "C2 CompilerThread1" daemon [_thread_blocked, id=36276, stack(0x0000000018a20000,0x0000000018b20000)]
  0x000000001808c000 JavaThread "C2 CompilerThread0" daemon [_thread_blocked, id=38736, stack(0x0000000018920000,0x0000000018a20000)]
  0x000000001804f800 JavaThread "Attach Listener" daemon [_thread_blocked, id=956, stack(0x0000000018720000,0x0000000018820000)]
  0x0000000017ffa800 JavaThread "Signal Dispatcher" daemon [_thread_blocked, id=36452, stack(0x0000000018620000,0x0000000018720000)]
  0x0000000017fe1800 JavaThread "Finalizer" daemon [_thread_blocked, id=8496, stack(0x00000000184c0000,0x00000000185c0000)]
  0x0000000017fe0800 JavaThread "Reference Handler" daemon [_thread_blocked, id=19052, stack(0x00000000183c0000,0x00000000184c0000)]

Other Threads:
  0x00000000161ea000 VMThread [stack: 0x0000000017ec0000,0x0000000017fc0000] [id=49492]
  0x000000001816e000 WatcherThread [stack: 0x0000000018e20000,0x0000000018f20000] [id=13936]

VM state:not at safepoint (normal execution)

VM Mutex/Monitor currently owned by a thread: None

Heap:
 PSYoungGen      total 18432K, used 15202K [0x00000000eb580000, 0x00000000eca00000, 0x0000000100000000)
  eden space 15872K, 79% used [0x00000000eb580000,0x00000000ec1dd010,0x00000000ec500000)
  from space 2560K, 99% used [0x00000000ec500000,0x00000000ec77b860,0x00000000ec780000)
  to   space 2560K, 0% used [0x00000000ec780000,0x00000000ec780000,0x00000000eca00000)
 ParOldGen       total 42496K, used 1781K [0x00000000c2000000, 0x00000000c4980000, 0x00000000eb580000)
  object space 42496K, 4% used [0x00000000c2000000,0x00000000c21bd4c8,0x00000000c4980000)
 Metaspace       used 10753K, capacity 11024K, committed 11264K, reserved 1058816K
  class space    used 1179K, capacity 1258K, committed 1280K, reserved 1048576K

Card table byte_map: [0x0000000012bc0000,0x0000000012dc0000] byte_map_base: 0x00000000125b0000

Marking Bits: (ParMarkBitMap*) 0x000000005c793e30
 Begin Bits: [0x0000000013710000, 0x0000000014690000)
 End Bits:   [0x0000000014690000, 0x0000000015610000)

Polling page: 0x0000000001740000

CodeCache: size=245760Kb used=4567Kb max_used=4596Kb free=241192Kb
 bounds [0x0000000003800000, 0x0000000003c80000, 0x0000000012800000]
 total_blobs=1774 nmethods=1298 adapters=388
 compilation: enabled

Compilation events (10 events):
Event: 384.136 Thread 0x0000000018093800 nmethod 1300 0x0000000003c7bd50 code [0x0000000003c7bec0, 0x0000000003c7c138]
Event: 384.150 Thread 0x0000000018093800 1301       3       java.lang.String::valueOf (5 bytes)
Event: 384.150 Thread 0x0000000018093800 nmethod 1301 0x0000000003c7c250 code [0x0000000003c7c3c0, 0x0000000003c7c528]
Event: 426.179 Thread 0x0000000018091800 1302       4       sun.awt.AWTAutoShutdown::isReadyToShutdown (37 bytes)
Event: 426.185 Thread 0x0000000018091800 nmethod 1302 0x0000000003c7f2d0 code [0x0000000003c7f420, 0x0000000003c7f518]
Event: 446.199 Thread 0x0000000018093800 1303       1       java.lang.Thread::getThreadGroup (5 bytes)
Event: 446.199 Thread 0x0000000018093800 nmethod 1303 0x0000000003913f10 code [0x0000000003914060, 0x0000000003914170]
Event: 475.236 Thread 0x0000000018093800 1304       1       java.lang.ThreadGroup::getMaxPriority (5 bytes)
Event: 475.237 Thread 0x0000000018093800 nmethod 1304 0x0000000003c66e10 code [0x0000000003c66f60, 0x0000000003c67070]
Event: 476.237 Thread 0x00000000180a0000 1305   !   4       sun.awt.PostEventQueue::flush (168 bytes)

GC Heap History (2 events):
Event: 0.995 GC heap before
{Heap before GC invocations=1 (full 0):
 PSYoungGen      total 18432K, used 15872K [0x00000000eb580000, 0x00000000eca00000, 0x0000000100000000)
  eden space 15872K, 100% used [0x00000000eb580000,0x00000000ec500000,0x00000000ec500000)
  from space 2560K, 0% used [0x00000000ec780000,0x00000000ec780000,0x00000000eca00000)
  to   space 2560K, 0% used [0x00000000ec500000,0x00000000ec500000,0x00000000ec780000)
 ParOldGen       total 42496K, used 0K [0x00000000c2000000, 0x00000000c4980000, 0x00000000eb580000)
  object space 42496K, 0% used [0x00000000c2000000,0x00000000c2000000,0x00000000c4980000)
 Metaspace       used 9733K, capacity 9988K, committed 10240K, reserved 1058816K
  class space    used 1120K, capacity 1194K, committed 1280K, reserved 1048576K
Event: 1.000 GC heap after
Heap after GC invocations=1 (full 0):
 PSYoungGen      total 18432K, used 2542K [0x00000000eb580000, 0x00000000eca00000, 0x0000000100000000)
  eden space 15872K, 0% used [0x00000000eb580000,0x00000000eb580000,0x00000000ec500000)
  from space 2560K, 99% used [0x00000000ec500000,0x00000000ec77b860,0x00000000ec780000)
  to   space 2560K, 0% used [0x00000000ec780000,0x00000000ec780000,0x00000000eca00000)
 ParOldGen       total 42496K, used 1781K [0x00000000c2000000, 0x00000000c4980000, 0x00000000eb580000)
  object space 42496K, 4% used [0x00000000c2000000,0x00000000c21bd4c8,0x00000000c4980000)
 Metaspace       used 9733K, capacity 9988K, committed 10240K, reserved 1058816K
  class space    used 1120K, capacity 1194K, committed 1280K, reserved 1048576K
}

Deoptimization events (9 events):
Event: 0.428 Thread 0x0000000003703000 Uncommon trap: reason=null_check action=make_not_entrant pc=0x000000000397b1e0 method=java.lang.String.equals(Ljava/lang/Object;)Z @ 8
Event: 0.654 Thread 0x000000001913a800 Uncommon trap: reason=unstable_if action=reinterpret pc=0x00000000039d0b80 method=java.lang.CharacterData.of(I)Ljava/lang/CharacterData; @ 4
Event: 0.742 Thread 0x000000001913a800 Uncommon trap: reason=class_check action=maybe_recompile pc=0x00000000039933e0 method=java.lang.String.equals(Ljava/lang/Object;)Z @ 8
Event: 0.742 Thread 0x000000001913a800 Uncommon trap: reason=class_check action=maybe_recompile pc=0x00000000039933e0 method=java.lang.String.equals(Ljava/lang/Object;)Z @ 8
Event: 0.742 Thread 0x000000001913a800 Uncommon trap: reason=class_check action=maybe_recompile pc=0x00000000039933e0 method=java.lang.String.equals(Ljava/lang/Object;)Z @ 8
Event: 0.742 Thread 0x000000001913a800 Uncommon trap: reason=class_check action=maybe_recompile pc=0x00000000039933e0 method=java.lang.String.equals(Ljava/lang/Object;)Z @ 8
Event: 1.015 Thread 0x000000001913a800 Uncommon trap: reason=unstable_if action=reinterpret pc=0x00000000039feb8c method=java.lang.String.toLowerCase(Ljava/util/Locale;)Ljava/lang/String; @ 37
Event: 1.041 Thread 0x000000001913a800 Uncommon trap: reason=unstable_if action=reinterpret pc=0x0000000003a6e874 method=java.lang.Character.isSurrogate(C)Z @ 3
Event: 40.537 Thread 0x000000001913a800 Uncommon trap: reason=unstable_if action=reinterpret pc=0x0000000003c2b580 method=java.util.concurrent.locks.ReentrantLock$Sync.tryRelease(I)Z @ 28

Classes redefined (0 events):
No events

Internal exceptions (10 events):
Event: 0.254 Thread 0x0000000003703000 Exception <a 'java/security/PrivilegedActionException'> (0x00000000eb7f6418) thrown at [C:\re\workspace\8-2-build-windows-amd64-cygwin\jdk8u191\11896\hotspot\src\share\vm\prims\jvm.cpp, line 1435]
Event: 0.255 Thread 0x0000000003703000 Exception <a 'java/security/PrivilegedActionException'> (0x00000000eb7fa328) thrown at [C:\re\workspace\8-2-build-windows-amd64-cygwin\jdk8u191\11896\hotspot\src\share\vm\prims\jvm.cpp, line 1435]
Event: 0.255 Thread 0x0000000003703000 Exception <a 'java/security/PrivilegedActionException'> (0x00000000eb7fa538) thrown at [C:\re\workspace\8-2-build-windows-amd64-cygwin\jdk8u191\11896\hotspot\src\share\vm\prims\jvm.cpp, line 1435]
Event: 0.265 Thread 0x0000000003703000 Exception <a 'java/io/FileNotFoundException'> (0x00000000eb80df70) thrown at [C:\re\workspace\8-2-build-windows-amd64-cygwin\jdk8u191\11896\hotspot\src\share\vm\prims\jni.cpp, line 709]
Event: 0.306 Thread 0x0000000003703000 Exception <a 'java/lang/NoSuchFieldError': method resolution failed> (0x00000000eb93e310) thrown at [C:\re\workspace\8-2-build-windows-amd64-cygwin\jdk8u191\11896\hotspot\src\share\vm\prims\methodHandles.cpp, line 1167]
Event: 0.308 Thread 0x0000000003703000 Exception <a 'java/lang/NoSuchFieldError': method resolution failed> (0x00000000eb94c188) thrown at [C:\re\workspace\8-2-build-windows-amd64-cygwin\jdk8u191\11896\hotspot\src\share\vm\prims\methodHandles.cpp, line 1167]
Event: 0.378 Thread 0x0000000003703000 Exception <a 'java/io/FileNotFoundException'> (0x00000000ebaa58e0) thrown at [C:\re\workspace\8-2-build-windows-amd64-cygwin\jdk8u191\11896\hotspot\src\share\vm\prims\jni.cpp, line 709]
Event: 0.428 Thread 0x0000000003703000 Implicit null exception at 0x000000000397b022 to 0x000000000397b1d1
Event: 143.605 Thread 0x0000000018098800 Exception <a 'sun/net/ConnectionResetException': > (0x00000000ebc46250) thrown at [C:\re\workspace\8-2-build-windows-amd64-cygwin\jdk8u191\11896\hotspot\src\share\vm\prims\jni.cpp, line 735]
Event: 143.606 Thread 0x0000000018098800 Exception <a 'sun/net/ConnectionResetException': > (0x00000000ebc46480) thrown at [C:\re\workspace\8-2-build-windows-amd64-cygwin\jdk8u191\11896\hotspot\src\share\vm\prims\jni.cpp, line 735]

Events (10 events):
Event: 472.235 Thread 0x00000000181a8800 Thread exited: 0x00000000181a8800
Event: 472.236 Thread 0x00000000181c5800 Thread exited: 0x00000000181c5800
Event: 473.235 Thread 0x00000000181a8800 Thread added: 0x00000000181a8800
Event: 475.236 Thread 0x00000000181c5800 Thread added: 0x00000000181c5800
Event: 475.237 Executing VM operation: RevokeBias
Event: 475.238 Executing VM operation: RevokeBias done
Event: 475.238 Thread 0x0000000019091800 Thread exited: 0x0000000019091800
Event: 475.238 Thread 0x00000000181a8800 Thread exited: 0x00000000181a8800
Event: 475.241 Thread 0x0000000018093800 flushing nmethod 0x00000000039273d0
Event: 476.237 Thread 0x00000000181a8800 Thread added: 0x00000000181a8800


Dynamic libraries:
0x00007ff778720000 - 0x00007ff778757000 	C:\Program Files\Java\jdk1.8.0_191\bin\java.exe
0x00007ffcca5b0000 - 0x00007ffcca791000 	C:\WINDOWS\SYSTEM32\ntdll.dll
0x00007ffcc7a60000 - 0x00007ffcc7b12000 	C:\WINDOWS\System32\KERNEL32.DLL
0x00007ffcc72b0000 - 0x00007ffcc7523000 	C:\WINDOWS\System32\KERNELBASE.dll
0x00007ffcc7db0000 - 0x00007ffcc7e51000 	C:\WINDOWS\System32\ADVAPI32.dll
0x00007ffcc7c40000 - 0x00007ffcc7cde000 	C:\WINDOWS\System32\msvcrt.dll
0x00007ffcc8500000 - 0x00007ffcc855b000 	C:\WINDOWS\System32\sechost.dll
0x00007ffcc9c30000 - 0x00007ffcc9d54000 	C:\WINDOWS\System32\RPCRT4.dll
0x00007ffcc9d60000 - 0x00007ffcc9ef0000 	C:\WINDOWS\System32\USER32.dll
0x00007ffcc7a20000 - 0x00007ffcc7a40000 	C:\WINDOWS\System32\win32u.dll
0x00007ffcca0d0000 - 0x00007ffcca0f8000 	C:\WINDOWS\System32\GDI32.dll
0x00007ffcc7110000 - 0x00007ffcc72a2000 	C:\WINDOWS\System32\gdi32full.dll
0x00007ffcc7770000 - 0x00007ffcc780f000 	C:\WINDOWS\System32\msvcp_win.dll
0x00007ffcc7810000 - 0x00007ffcc7908000 	C:\WINDOWS\System32\ucrtbase.dll
0x00007ffcb7e30000 - 0x00007ffcb8099000 	C:\WINDOWS\WinSxS\amd64_microsoft.windows.common-controls_6595b64144ccf1df_6.0.17134.648_none_fb45a0e93062a6d2\COMCTL32.dll
0x00007ffcca1a0000 - 0x00007ffcca4c2000 	C:\WINDOWS\System32\combase.dll
0x00007ffcc6980000 - 0x00007ffcc69fa000 	C:\WINDOWS\System32\bcryptPrimitives.dll
0x00007ffcc7c10000 - 0x00007ffcc7c3d000 	C:\WINDOWS\System32\IMM32.DLL
0x000000005c820000 - 0x000000005c8f2000 	C:\Program Files\Java\jdk1.8.0_191\jre\bin\msvcr100.dll
0x000000005bf70000 - 0x000000005c814000 	C:\Program Files\Java\jdk1.8.0_191\jre\bin\server\jvm.dll
0x00007ffcc9c20000 - 0x00007ffcc9c28000 	C:\WINDOWS\System32\PSAPI.DLL
0x00007ffcb5c10000 - 0x00007ffcb5c19000 	C:\WINDOWS\SYSTEM32\WSOCK32.dll
0x00007ffcc1a10000 - 0x00007ffcc1a1a000 	C:\WINDOWS\SYSTEM32\VERSION.dll
0x00007ffcbcda0000 - 0x00007ffcbcdc3000 	C:\WINDOWS\SYSTEM32\WINMM.dll
0x00007ffcc9f00000 - 0x00007ffcc9f6c000 	C:\WINDOWS\System32\WS2_32.dll
0x00007ffcbcd70000 - 0x00007ffcbcd9a000 	C:\WINDOWS\SYSTEM32\winmmbase.dll
0x00007ffcc7720000 - 0x00007ffcc7769000 	C:\WINDOWS\System32\cfgmgr32.dll
0x000000005bf60000 - 0x000000005bf6f000 	C:\Program Files\Java\jdk1.8.0_191\jre\bin\verify.dll
0x000000005bf30000 - 0x000000005bf59000 	C:\Program Files\Java\jdk1.8.0_191\jre\bin\java.dll
0x000000005bf00000 - 0x000000005bf23000 	C:\Program Files\Java\jdk1.8.0_191\jre\bin\instrument.dll
0x000000005bee0000 - 0x000000005bef6000 	C:\Program Files\Java\jdk1.8.0_191\jre\bin\zip.dll
0x00007ffcc8560000 - 0x00007ffcc99a0000 	C:\WINDOWS\System32\SHELL32.dll
0x00007ffcca4d0000 - 0x00007ffcca579000 	C:\WINDOWS\System32\shcore.dll
0x00007ffcc6a00000 - 0x00007ffcc710d000 	C:\WINDOWS\System32\windows.storage.dll
0x00007ffcc9bc0000 - 0x00007ffcc9c11000 	C:\WINDOWS\System32\shlwapi.dll
0x00007ffcc6900000 - 0x00007ffcc6911000 	C:\WINDOWS\System32\kernel.appcore.dll
0x00007ffcc68c0000 - 0x00007ffcc68df000 	C:\WINDOWS\System32\profapi.dll
0x00007ffcc6920000 - 0x00007ffcc696c000 	C:\WINDOWS\System32\powrprof.dll
0x00007ffcc6970000 - 0x00007ffcc697a000 	C:\WINDOWS\System32\FLTLIB.DLL
0x00007ffcaaf10000 - 0x00007ffcaaf2a000 	C:\Program Files\JetBrains\IntelliJ IDEA 2018.2.5\bin\breakgen64.dll
0x000000005ba70000 - 0x000000005ba8a000 	C:\Program Files\Java\jdk1.8.0_191\jre\bin\net.dll
0x00007ffcc6140000 - 0x00007ffcc61a6000 	C:\WINDOWS\system32\mswsock.dll
0x000000005b8d0000 - 0x000000005ba69000 	C:\Program Files\Java\jdk1.8.0_191\jre\bin\awt.dll
0x00007ffcc7ce0000 - 0x00007ffcc7da3000 	C:\WINDOWS\System32\OLEAUT32.dll
0x00007ffcc4820000 - 0x00007ffcc48ab000 	C:\WINDOWS\SYSTEM32\apphelp.dll
0x00007ffcc4d30000 - 0x00007ffcc4d59000 	C:\WINDOWS\system32\DWMAPI.DLL
0x00007ffcc4a50000 - 0x00007ffcc4ae8000 	C:\WINDOWS\system32\uxtheme.dll
0x00007ffcb5c90000 - 0x00007ffcb5db0000 	C:\WINDOWS\system32\opengl32.dll
0x00007ffcc1000000 - 0x00007ffcc102c000 	C:\WINDOWS\SYSTEM32\GLU32.dll
0x00007ffcc7e60000 - 0x00007ffcc7fd3000 	C:\WINDOWS\System32\MSCTF.dll
0x00007ffcc9f70000 - 0x00007ffcca0c1000 	C:\WINDOWS\System32\ole32.dll
0x000000005b880000 - 0x000000005b8c7000 	C:\Program Files\Java\jdk1.8.0_191\jre\bin\fontmanager.dll
0x000000005b860000 - 0x000000005b871000 	C:\Program Files\Java\jdk1.8.0_191\jre\bin\nio.dll
0x000000005b810000 - 0x000000005b852000 	C:\Program Files\Java\jdk1.8.0_191\jre\bin\t2k.dll
0x00007ffcbeb50000 - 0x00007ffcbebe6000 	C:\WINDOWS\System32\TextInputFramework.dll
0x00007ffcc4300000 - 0x00007ffcc43da000 	C:\WINDOWS\System32\CoreMessaging.dll
0x00007ffcbb550000 - 0x00007ffcbb86e000 	C:\WINDOWS\System32\CoreUIComponents.dll
0x00007ffcc59b0000 - 0x00007ffcc59e1000 	C:\WINDOWS\SYSTEM32\ntmarta.dll
0x00007ffcc29d0000 - 0x00007ffcc2b1d000 	C:\WINDOWS\SYSTEM32\wintypes.dll
0x00007ffcca100000 - 0x00007ffcca1a0000 	C:\WINDOWS\System32\clbcatq.dll
0x00007ffc9dc50000 - 0x00007ffc9de34000 	C:\WINDOWS\system32\sogoutsf.ime
0x00007ffcc49a0000 - 0x00007ffcc49a7000 	C:\WINDOWS\system32\MSIMG32.dll
0x00007ffc98aa0000 - 0x00007ffc99303000 	C:\WINDOWS\system32\SogouPy.ime
0x00007ffcc3e00000 - 0x00007ffcc3e6b000 	C:\WINDOWS\SYSTEM32\OLEACC.dll
0x00007ffcbe1d0000 - 0x00007ffcbe2ad000 	C:\WINDOWS\SYSTEM32\WINHTTP.dll
0x000000001bd20000 - 0x000000001be2f000 	C:\Program Files (x86)\SogouInput\9.1.0.2618\Resource.dll
0x00007ffc985e0000 - 0x00007ffc98848000 	C:\Program Files (x86)\SogouInput\Components\PicFace\1.1.0.1835\PicFace64.dll
0x00007ffcc7b20000 - 0x00007ffcc7c0d000 	C:\WINDOWS\System32\COMDLG32.dll
0x00007ffcabb60000 - 0x00007ffcabb78000 	C:\Program Files (x86)\SogouInput\Components\VoiceInput\1.0.0.145\VoiceInput64.dll
0x00007ffca7360000 - 0x00007ffca7560000 	C:\Windows\System32\uiautomationcore.dll

VM Arguments:
jvm_args: -javaagent:C:\Program Files\JetBrains\IntelliJ IDEA 2018.2.5\lib\idea_rt.jar=60920:C:\Program Files\JetBrains\IntelliJ IDEA 2018.2.5\bin -Dfile.encoding=UTF-8 
java_command: week1.NumberThread
java_class_path (initial): C:\Program Files\Java\jdk1.8.0_191\jre\lib\charsets.jar;C:\Program Files\Java\jdk1.8.0_191\jre\lib\deploy.jar;C:\Program Files\Java\jdk1.8.0_191\jre\lib\ext\access-bridge-64.jar;C:\Program Files\Java\jdk1.8.0_191\jre\lib\ext\cldrdata.jar;C:\Program Files\Java\jdk1.8.0_191\jre\lib\ext\dnsns.jar;C:\Program Files\Java\jdk1.8.0_191\jre\lib\ext\jaccess.jar;C:\Program Files\Java\jdk1.8.0_191\jre\lib\ext\jfxrt.jar;C:\Program Files\Java\jdk1.8.0_191\jre\lib\ext\localedata.jar;C:\Program Files\Java\jdk1.8.0_191\jre\lib\ext\nashorn.jar;C:\Program Files\Java\jdk1.8.0_191\jre\lib\ext\sunec.jar;C:\Program Files\Java\jdk1.8.0_191\jre\lib\ext\sunjce_provider.jar;C:\Program Files\Java\jdk1.8.0_191\jre\lib\ext\sunmscapi.jar;C:\Program Files\Java\jdk1.8.0_191\jre\lib\ext\sunpkcs11.jar;C:\Program Files\Java\jdk1.8.0_191\jre\lib\ext\zipfs.jar;C:\Program Files\Java\jdk1.8.0_191\jre\lib\javaws.jar;C:\Program Files\Java\jdk1.8.0_191\jre\lib\jce.jar;C:\Program Files\Java\jdk1.8.0_191\jre\lib\jfr.jar;C:\Program Files\Java\jdk1.8.0_191\jre\lib\jfxswt.jar;C:\Program Files\Java\jdk1.8.0_191\jre\lib\jsse.jar;C:\Program Files\Java\jdk1.8.0_191\jre\lib\management-agent.jar;C:\Program Files\Java\jdk1.8.0_191\jre\lib\plugin.jar;C:\Program Files\Java\jdk1.8.0_191\jre\lib\resources.jar;C:\Program Files\Java\jdk1.8.0_191\jre\lib\rt.jar;D:\advanced\out\production\thread-study;C:\Program Files\JetBrains\IntelliJ IDEA 2018.2.5\lib\idea_rt.jar
Launcher Type: SUN_STANDARD

Environment Variables:
JAVA_HOME=C:\Program Files\Java\jdk1.8.0_181
PATH=C:\Program Files (x86)\Common Files\Oracle\Java\javapath;C:\Program Files (x86)\Intel\Intel(R) Management Engine Components\iCLS\;C:\Program Files\Intel\Intel(R) Management Engine Components\iCLS\;C:\Windows\system32;C:\Windows;C:\Windows\System32\Wbem;C:\Windows\System32\WindowsPowerShell\v1.0\;C:\Program Files (x86)\Intel\Intel(R) Management Engine Components\DAL;C:\Program Files\Intel\Intel(R) Management Engine Components\DAL;C:\Program Files (x86)\Intel\Intel(R) Management Engine Components\IPT;C:\Program Files\Intel\Intel(R) Management Engine Components\IPT;C:\Program Files (x86)\NVIDIA Corporation\PhysX\Common;C:\WINDOWS\system32;C:\WINDOWS;C:\WINDOWS\System32\Wbem;C:\WINDOWS\System32\WindowsPowerShell\v1.0\;C:\WINDOWS\System32\OpenSSH\;C:\Program Files\Java\jdk1.8.0_181\bin;C:\Program Files\Java\jdk1.8.0_181\bin;C:\Program Files (x86)\Microsoft SQL Server\100\Tools\Binn\;C:\Program Files\Microsoft SQL Server\100\Tools\Binn\;C:\Program Files\Microsoft SQL Server\100\DTS\Binn\;C:\Program Files (x86)\Microsoft SQL Server\100\Tools\Binn\VSShell\Common7\IDE\;C:\Program Files (x86)\Microsoft SQL Server\100\DTS\Binn\;C:\Program Files\Java\jdk1.8.0_181\bin;C:\Program Files\Java\jdk1.8.0_191;C:\Program Files\Java\jdk1.8.0_191\bin;C:\Program Files (x86)\MySQL\MySQL Utilities 1.6\;C:\Program Files\Git\cmd;C:\Users\ª∆æ¥¿Ì\AppData\Local\Microsoft\WindowsApps;C:\Program Files\Bandizip\
USERNAME=ª∆æ¥¿Ì
OS=Windows_NT
PROCESSOR_IDENTIFIER=Intel64 Family 6 Model 142 Stepping 10, GenuineIntel



---------------  S Y S T E M  ---------------

OS: Windows 10.0 , 64 bit Build 17134 (10.0.17134.648)

CPU:total 8 (initial active 8) (4 cores per cpu, 2 threads per core) family 6 model 142 stepping 10, cmov, cx8, fxsr, mmx, sse, sse2, sse3, ssse3, sse4.1, sse4.2, popcnt, avx, avx2, aes, clmul, erms, 3dnowpref, lzcnt, ht, tsc, tscinvbit, bmi1, bmi2, adx

Memory: 4k page, physical 4057484k(388816k free), swap 11659016k(2468k free)

vm_info: Java HotSpot(TM) 64-Bit Server VM (25.191-b12) for windows-amd64 JRE (1.8.0_191-b12), built on Oct  6 2018 09:29:03 by "java_re" with MS VC++ 10.0 (VS2010)

time: Mon Apr 08 20:47:39 2019
elapsed time: 476 seconds (0d 0h 7m 56s)

